<?xml version="1.0" encoding="UTF-8"?>
<!-- Generated by org.testng.reporters.JUnitXMLReporter -->
<testsuite ignored="0" hostname="LAPTOP-D1F79DFF" failures="0" tests="1" name="Surefire test" time="0.062" errors="0" timestamp="2024-05-29T12:23:01 CDT">
  <testcase classname="Automation_Framework_From_Scratch.SeleniumAutomationFramework.AppTest" name="shouldAnswerWithTrue on shouldAnswerWithTrue(Automation_Framework_From_Scratch.SeleniumAutomationFramework.AppTest)" time="0.006"/>
</testsuite> <!-- Surefire test -->
